TN:
SF:src\controllers\dishcontroller.js
FN:5,(anonymous_0)
FN:15,(anonymous_1)
FN:25,(anonymous_2)
FN:36,(anonymous_3)
FN:47,(anonymous_4)
FN:58,(anonymous_5)
FNF:6
FNH:3
FNDA:2,(anonymous_0)
FNDA:1,(anonymous_1)
FNDA:0,(anonymous_2)
FNDA:0,(anonymous_3)
FNDA:0,(anonymous_4)
FNDA:2,(anonymous_5)
DA:2,2
DA:3,2
DA:5,2
DA:6,2
DA:7,2
DA:8,1
DA:10,1
DA:15,2
DA:16,1
DA:17,1
DA:18,1
DA:20,0
DA:25,2
DA:26,0
DA:27,0
DA:28,0
DA:29,0
DA:31,0
DA:36,2
DA:37,0
DA:38,0
DA:39,0
DA:40,0
DA:42,0
DA:47,2
DA:48,0
DA:49,0
DA:50,0
DA:51,0
DA:53,0
DA:58,2
DA:59,2
DA:60,2
DA:61,1
DA:63,1
DA:67,2
LF:36
LH:20
BRDA:28,0,0,0
BRDA:28,0,1,0
BRDA:39,1,0,0
BRDA:39,1,1,0
BRDA:50,2,0,0
BRDA:50,2,1,0
BRF:6
BRH:0
end_of_record
TN:
SF:src\models\chefModel.js
FNF:0
FNH:0
DA:1,2
DA:3,2
DA:9,2
LF:3
LH:3
BRF:0
BRH:0
end_of_record
TN:
SF:src\models\dishModel.js
FNF:0
FNH:0
DA:1,2
DA:3,2
DA:38,2
LF:3
LH:3
BRF:0
BRH:0
end_of_record
